<?xml version="1.0" encoding="UTF-8"?>
<testng-results skipped="0" failed="0" ignored="0" total="1" passed="1">
  <reporter-output>
  </reporter-output>
  <suite name="Default suite" duration-ms="115842" started-at="2021-12-15T14:07:26 IST" finished-at="2021-12-15T14:09:21 IST">
    <groups>
      <group name="cucumber">
        <method signature="TestRunner.feature(cucumber.api.testng.CucumberFeatureWrapper)[pri:0, instance:qaclickacademy.Runner.TestRunner@3b07a0d6]" name="feature" class="qaclickacademy.Runner.TestRunner"/>
      </group> <!-- cucumber -->
    </groups>
    <test name="Default test" duration-ms="115842" started-at="2021-12-15T14:07:26 IST" finished-at="2021-12-15T14:09:21 IST">
      <class name="qaclickacademy.Runner.TestRunner">
        <test-method status="PASS" signature="setUp()[pri:0, instance:qaclickacademy.Runner.TestRunner@3b07a0d6]" name="setUp" is-config="true" duration-ms="7834" started-at="2021-12-15T14:07:26 IST" finished-at="2021-12-15T14:07:33 IST">
          <reporter-output>
          </reporter-output>
        </test-method> <!-- setUp -->
        <test-method status="PASS" signature="feature(cucumber.api.testng.CucumberFeatureWrapper)[pri:0, instance:qaclickacademy.Runner.TestRunner@3b07a0d6]" name="feature" duration-ms="107413" started-at="2021-12-15T14:07:33 IST" description="Run Cucumber Feature" data-provider="features" finished-at="2021-12-15T14:09:21 IST">
          <params>
            <param index="0">
              <value>
                <![CDATA[To validate tasks in Lamba Test]]>
              </value>
            </param>
          </params>
          <reporter-output>
          </reporter-output>
        </test-method> <!-- feature -->
        <test-method status="PASS" signature="tearDownClass()[pri:0, instance:qaclickacademy.Runner.TestRunner@3b07a0d6]" name="tearDownClass" is-config="true" duration-ms="472" started-at="2021-12-15T14:09:21 IST" finished-at="2021-12-15T14:09:21 IST">
          <reporter-output>
          </reporter-output>
        </test-method> <!-- tearDownClass -->
      </class> <!-- qaclickacademy.Runner.TestRunner -->
    </test> <!-- Default test -->
  </suite> <!-- Default suite -->
</testng-results>
